Apr 22 18:41:09 JavaBridge ERROR: An exception occured: java.lang.ClassNotFoundException: Unresolved external reference: java.lang.NoClassDefFoundError: org/mindswap/common/Variable. -- Unable to call the method, see the README section "Java platform issues" for details and DO NOT REPORT THIS PROBLEM TO THE PHP/Java Bridge MAILING LIST!
java.lang.ClassNotFoundException: Unresolved external reference: java.lang.NoClassDefFoundError: org/mindswap/common/Variable. -- Unable to call the method, see the README section "Java platform issues" for details and DO NOT REPORT THIS PROBLEM TO THE PHP/Java Bridge MAILING LIST!
	at php.java.bridge.JavaBridge.getUnresolvedExternalReferenceException(JavaBridge.java:422)
	at php.java.bridge.JavaBridge.Invoke(JavaBridge.java:1055)
	at php.java.bridge.Request.handleRequest(Request.java:417)
	at php.java.bridge.Request.handleRequests(Request.java:500)
	at php.java.bridge.JavaBridge.handleRequests(JavaBridge.java:150)
	at php.java.servlet.RemoteHttpServletContextFactory.handleRequests(RemoteHttpServletContextFactory.java:262)
	at bridgeExample.doPut(bridgeExample.java:132)
	at javax.servlet.http.HttpServlet.service(HttpServlet.java:649)
	at javax.servlet.http.HttpServlet.service(HttpServlet.java:727)
	at org.apache.catalina.core.ApplicationFilterChain.internalDoFilter(ApplicationFilterChain.java:303)
	at org.apache.catalina.core.ApplicationFilterChain.doFilter(ApplicationFilterChain.java:208)
	at org.apache.tomcat.websocket.server.WsFilter.doFilter(WsFilter.java:52)
	at org.apache.catalina.core.ApplicationFilterChain.internalDoFilter(ApplicationFilterChain.java:241)
	at org.apache.catalina.core.ApplicationFilterChain.doFilter(ApplicationFilterChain.java:208)
	at org.apache.catalina.core.StandardWrapperValve.invoke(StandardWrapperValve.java:220)
	at org.apache.catalina.core.StandardContextValve.invoke(StandardContextValve.java:122)
	at org.apache.catalina.authenticator.AuthenticatorBase.invoke(AuthenticatorBase.java:501)
	at org.apache.catalina.core.StandardHostValve.invoke(StandardHostValve.java:170)
	at org.apache.catalina.valves.ErrorReportValve.invoke(ErrorReportValve.java:98)
	at org.apache.catalina.valves.AccessLogValve.invoke(AccessLogValve.java:950)
	at org.apache.catalina.core.StandardEngineValve.invoke(StandardEngineValve.java:116)
	at org.apache.catalina.connector.CoyoteAdapter.service(CoyoteAdapter.java:408)
	at org.apache.coyote.http11.AbstractHttp11Processor.process(AbstractHttp11Processor.java:1040)
	at org.apache.coyote.AbstractProtocol$AbstractConnectionHandler.process(AbstractProtocol.java:607)
	at org.apache.tomcat.util.net.JIoEndpoint$SocketProcessor.run(JIoEndpoint.java:313)
	at java.util.concurrent.ThreadPoolExecutor.runWorker(ThreadPoolExecutor.java:1145)
	at java.util.concurrent.ThreadPoolExecutor$Worker.run(ThreadPoolExecutor.java:615)
	at java.lang.Thread.run(Thread.java:722)
Caused by: java.lang.NoClassDefFoundError: org/mindswap/common/Variable
	at bridgeExample.practiceQuery(bridgeExample.java:76)
	at bridgeExample.javaMethodName(bridgeExample.java:43)
	at sun.reflect.NativeMethodAccessorImpl.invoke0(Native Method)
	at sun.reflect.NativeMethodAccessorImpl.invoke(NativeMethodAccessorImpl.java:57)
	at sun.reflect.DelegatingMethodAccessorImpl.invoke(DelegatingMethodAccessorImpl.java:43)
	at java.lang.reflect.Method.invoke(Method.java:601)
	at php.java.bridge.JavaBridge.Invoke(JavaBridge.java:1044)
	... 26 more
Caused by: java.lang.ClassNotFoundException: org.mindswap.common.Variable
	at java.net.URLClassLoader$1.run(URLClassLoader.java:366)
	at java.net.URLClassLoader$1.run(URLClassLoader.java:355)
	at java.security.AccessController.doPrivileged(Native Method)
	at java.net.URLClassLoader.findClass(URLClassLoader.java:354)
	at java.lang.ClassLoader.loadClass(ClassLoader.java:423)
	at sun.misc.Launcher$AppClassLoader.loadClass(Launcher.java:308)
	at java.lang.ClassLoader.loadClass(ClassLoader.java:356)
	... 33 more
Apr 22 18:41:09 JavaBridge WARNING: 3ea8d0fc@3d307087 FATAL: Undeclared java.lang.RuntimeException detected. java.lang.Exception: Invoke failed: [[o:bridgeExample]]->javaMethodName. Cause: java.lang.ClassNotFoundException: Unresolved external reference: java.lang.NoClassDefFoundError: org/mindswap/common/Variable. -- Unable to call the method, see the README section "Java platform issues" for details and DO NOT REPORT THIS PROBLEM TO THE PHP/Java Bridge MAILING LIST! VM: 1.7.0_17@http://java.oracle.com/
Apr 22 18:41:59 JavaBridge ERROR: An exception occured: java.lang.ClassNotFoundException: Unresolved external reference: java.lang.NoClassDefFoundError: org/mindswap/common/Variable. -- Unable to call the method, see the README section "Java platform issues" for details and DO NOT REPORT THIS PROBLEM TO THE PHP/Java Bridge MAILING LIST!
java.lang.ClassNotFoundException: Unresolved external reference: java.lang.NoClassDefFoundError: org/mindswap/common/Variable. -- Unable to call the method, see the README section "Java platform issues" for details and DO NOT REPORT THIS PROBLEM TO THE PHP/Java Bridge MAILING LIST!
	at php.java.bridge.JavaBridge.getUnresolvedExternalReferenceException(JavaBridge.java:422)
	at php.java.bridge.JavaBridge.Invoke(JavaBridge.java:1055)
	at php.java.bridge.Request.handleRequest(Request.java:417)
	at php.java.bridge.Request.handleRequests(Request.java:500)
	at php.java.bridge.JavaBridge.handleRequests(JavaBridge.java:150)
	at php.java.servlet.RemoteHttpServletContextFactory.handleRequests(RemoteHttpServletContextFactory.java:262)
	at bridgeExample.doPut(bridgeExample.java:132)
	at javax.servlet.http.HttpServlet.service(HttpServlet.java:649)
	at javax.servlet.http.HttpServlet.service(HttpServlet.java:727)
	at org.apache.catalina.core.ApplicationFilterChain.internalDoFilter(ApplicationFilterChain.java:303)
	at org.apache.catalina.core.ApplicationFilterChain.doFilter(ApplicationFilterChain.java:208)
	at org.apache.tomcat.websocket.server.WsFilter.doFilter(WsFilter.java:52)
	at org.apache.catalina.core.ApplicationFilterChain.internalDoFilter(ApplicationFilterChain.java:241)
	at org.apache.catalina.core.ApplicationFilterChain.doFilter(ApplicationFilterChain.java:208)
	at org.apache.catalina.core.StandardWrapperValve.invoke(StandardWrapperValve.java:220)
	at org.apache.catalina.core.StandardContextValve.invoke(StandardContextValve.java:122)
	at org.apache.catalina.authenticator.AuthenticatorBase.invoke(AuthenticatorBase.java:501)
	at org.apache.catalina.core.StandardHostValve.invoke(StandardHostValve.java:170)
	at org.apache.catalina.valves.ErrorReportValve.invoke(ErrorReportValve.java:98)
	at org.apache.catalina.valves.AccessLogValve.invoke(AccessLogValve.java:950)
	at org.apache.catalina.core.StandardEngineValve.invoke(StandardEngineValve.java:116)
	at org.apache.catalina.connector.CoyoteAdapter.service(CoyoteAdapter.java:408)
	at org.apache.coyote.http11.AbstractHttp11Processor.process(AbstractHttp11Processor.java:1040)
	at org.apache.coyote.AbstractProtocol$AbstractConnectionHandler.process(AbstractProtocol.java:607)
	at org.apache.tomcat.util.net.JIoEndpoint$SocketProcessor.run(JIoEndpoint.java:313)
	at java.util.concurrent.ThreadPoolExecutor.runWorker(ThreadPoolExecutor.java:1145)
	at java.util.concurrent.ThreadPoolExecutor$Worker.run(ThreadPoolExecutor.java:615)
	at java.lang.Thread.run(Thread.java:722)
Caused by: java.lang.NoClassDefFoundError: org/mindswap/common/Variable
	at bridgeExample.practiceQuery(bridgeExample.java:76)
	at bridgeExample.javaMethodName(bridgeExample.java:43)
	at sun.reflect.NativeMethodAccessorImpl.invoke0(Native Method)
	at sun.reflect.NativeMethodAccessorImpl.invoke(NativeMethodAccessorImpl.java:57)
	at sun.reflect.DelegatingMethodAccessorImpl.invoke(DelegatingMethodAccessorImpl.java:43)
	at java.lang.reflect.Method.invoke(Method.java:601)
	at php.java.bridge.JavaBridge.Invoke(JavaBridge.java:1044)
	... 26 more
Caused by: java.lang.ClassNotFoundException: org.mindswap.common.Variable
	at java.net.URLClassLoader$1.run(URLClassLoader.java:366)
	at java.net.URLClassLoader$1.run(URLClassLoader.java:355)
	at java.security.AccessController.doPrivileged(Native Method)
	at java.net.URLClassLoader.findClass(URLClassLoader.java:354)
	at java.lang.ClassLoader.loadClass(ClassLoader.java:423)
	at sun.misc.Launcher$AppClassLoader.loadClass(Launcher.java:308)
	at java.lang.ClassLoader.loadClass(ClassLoader.java:356)
	... 33 more
Apr 22 18:41:59 JavaBridge WARNING: 33b0d9ba@6319baca FATAL: Undeclared java.lang.RuntimeException detected. java.lang.Exception: Invoke failed: [[o:bridgeExample]]->javaMethodName. Cause: java.lang.ClassNotFoundException: Unresolved external reference: java.lang.NoClassDefFoundError: org/mindswap/common/Variable. -- Unable to call the method, see the README section "Java platform issues" for details and DO NOT REPORT THIS PROBLEM TO THE PHP/Java Bridge MAILING LIST! VM: 1.7.0_17@http://java.oracle.com/
